??:??:?? **** Incremental Build of configuration Debug for project Fan_Controller ****
make all 
Building file: ../App.c
Invoking: AVR Compiler
avr-gcc -Wall -g2 -gstabs -O0 -fpack-struct -fshort-enums -ffunction-sections -fdata-sections -std=gnu99 -funsigned-char -funsigned-bitfields -mmcu=atmega32 -DF_CPU=1000000UL -MMD -MP -MF"App.d" -MT"App.o" -c -o "App.o" "../App.c"
Finished building: ../App.c
 
Building file: ../motor.c
Invoking: AVR Compiler
avr-gcc -Wall -g2 -gstabs -O0 -fpack-struct -fshort-enums -ffunction-sections -fdata-sections -std=gnu99 -funsigned-char -funsigned-bitfields -mmcu=atmega32 -DF_CPU=1000000UL -MMD -MP -MF"motor.d" -MT"motor.o" -c -o "motor.o" "../motor.c"
Finished building: ../motor.c
 
Building target: Fan_Controller.elf
Invoking: AVR C Linker
avr-gcc -Wl,-Map,Fan_Controller.map -mmcu=atmega32 -o "Fan_Controller.elf"  ./App.o ./adc.o ./gpio.o ./lcd.o ./lm35_sensor.o ./motor.o ./pwm.o   
Finished building target: Fan_Controller.elf
 
Invoking: AVR Create Extended Listing
avr-objdump -h -S Fan_Controller.elf  >"Fan_Controller.lss"
Finished building: Fan_Controller.lss
 
Invoking: Print Size
avr-size --format=avr --mcu=atmega32 Fan_Controller.elf
AVR Memory Usage
----------------
Device: atmega32

Program:    9652 bytes (29.5% Full)
(.text + .data + .bootloader)

Data:        296 bytes (14.5% Full)
(.data + .bss + .noinit)


Finished building: sizedummy
 

??:??:?? Build Finished. 0 errors, 0 warnings. (took 551ms)

